<?xml version="1.0" encoding="UTF-8"?>
<testsuite xmlns:xsi="http://www.w3.org/2001/XMLSchema-instance" xsi:schemaLocation="https://maven.apache.org/surefire/maven-surefire-plugin/xsd/surefire-test-report.xsd" name="TestSuite" time="122.597" tests="9" errors="0" skipped="0" failures="0">
  <properties>
    <property name="java.runtime.name" value="Java(TM) SE Runtime Environment"/>
    <property name="sun.boot.library.path" value="C:\Program Files\Java\jdk1.8.0_181\jre\bin"/>
    <property name="java.vm.version" value="25.181-b13"/>
    <property name="java.vm.vendor" value="Oracle Corporation"/>
    <property name="maven.multiModuleProjectDirectory" value="F:\ToDo\Github"/>
    <property name="java.vendor.url" value="http://java.oracle.com/"/>
    <property name="path.separator" value=";"/>
    <property name="guice.disable.misplaced.annotation.check" value="true"/>
    <property name="java.vm.name" value="Java HotSpot(TM) 64-Bit Server VM"/>
    <property name="file.encoding.pkg" value="sun.io"/>
    <property name="user.script" value=""/>
    <property name="user.country" value="US"/>
    <property name="sun.java.launcher" value="SUN_STANDARD"/>
    <property name="sun.os.patch.level" value=""/>
    <property name="java.vm.specification.name" value="Java Virtual Machine Specification"/>
    <property name="user.dir" value="F:\ToDo\Github"/>
    <property name="java.runtime.version" value="1.8.0_181-b13"/>
    <property name="java.awt.graphicsenv" value="sun.awt.Win32GraphicsEnvironment"/>
    <property name="basedir" value="F:\ToDo\Github"/>
    <property name="java.endorsed.dirs" value="C:\Program Files\Java\jdk1.8.0_181\jre\lib\endorsed"/>
    <property name="os.arch" value="amd64"/>
    <property name="java.io.tmpdir" value="C:\Users\Kumar\AppData\Local\Temp\"/>
    <property name="line.separator" value="&#10;"/>
    <property name="java.vm.specification.vendor" value="Oracle Corporation"/>
    <property name="user.variant" value=""/>
    <property name="os.name" value="Windows 10"/>
    <property name="classworlds.conf" value="C:\Program Files\Apache\Maven\bin\..\bin\m2.conf"/>
    <property name="sun.jnu.encoding" value="Cp1252"/>
    <property name="java.library.path" value="C:\Program Files\Java\jdk1.8.0_181\bin;C:\WINDOWS\Sun\Java\bin;C:\WINDOWS\system32;C:\WINDOWS;C:\Program Files\Microsoft MPI\Bin\;C:\Program Files (x86)\Common Files\Oracle\Java\javapath;C:\WINDOWS\system32;C:\WINDOWS;C:\WINDOWS\System32\Wbem;C:\WINDOWS\System32\WindowsPowerShell\v1.0\;C:\WINDOWS\System32\OpenSSH\;C:\Program Files\Intel\WiFi\bin\;C:\Program Files\Common Files\Intel\WirelessCommon\;C:\Program Files\Java\jdk1.8.0_181\bin;C:\Program Files\Java\jre1.8.0_181\bin;C:\Program Files\Apache\Maven\bin;C:\Program Files\Git\cmd;C:\Program Files\Git\mingw64\bin;C:\Program Files\Git\usr\bin;C:\Users\Kumar\AppData\Local\Microsoft\WindowsApps;C:\Program Files\Java\jdk1.8.0_181;;."/>
    <property name="surefire.test.class.path" value="F:\ToDo\Github\target\test-classes;F:\ToDo\Github\target\classes;C:\Users\Kumar\.m2\repository\junit\junit\3.8.1\junit-3.8.1.jar;C:\Users\Kumar\.m2\repository\org\testng\testng\6.9.10\testng-6.9.10.jar;C:\Users\Kumar\.m2\repository\com\beust\jcommander\1.48\jcommander-1.48.jar;C:\Users\Kumar\.m2\repository\org\beanshell\bsh\2.0b4\bsh-2.0b4.jar;C:\Users\Kumar\.m2\repository\org\seleniumhq\selenium\selenium-java\4.0.0-alpha-1\selenium-java-4.0.0-alpha-1.jar;C:\Users\Kumar\.m2\repository\org\seleniumhq\selenium\selenium-chrome-driver\4.0.0-alpha-1\selenium-chrome-driver-4.0.0-alpha-1.jar;C:\Users\Kumar\.m2\repository\org\seleniumhq\selenium\selenium-remote-driver\4.0.0-alpha-1\selenium-remote-driver-4.0.0-alpha-1.jar;C:\Users\Kumar\.m2\repository\org\seleniumhq\selenium\selenium-api\4.0.0-alpha-1\selenium-api-4.0.0-alpha-1.jar;C:\Users\Kumar\.m2\repository\net\bytebuddy\byte-buddy\1.9.12\byte-buddy-1.9.12.jar;C:\Users\Kumar\.m2\repository\org\apache\commons\commons-exec\1.3\commons-exec-1.3.jar;C:\Users\Kumar\.m2\repository\com\google\guava\guava\27.1-jre\guava-27.1-jre.jar;C:\Users\Kumar\.m2\repository\com\google\guava\failureaccess\1.0.1\failureaccess-1.0.1.jar;C:\Users\Kumar\.m2\repository\com\google\guava\listenablefuture\9999.0-empty-to-avoid-conflict-with-guava\listenablefuture-9999.0-empty-to-avoid-conflict-with-guava.jar;C:\Users\Kumar\.m2\repository\com\google\code\findbugs\jsr305\3.0.2\jsr305-3.0.2.jar;C:\Users\Kumar\.m2\repository\org\checkerframework\checker-qual\2.5.2\checker-qual-2.5.2.jar;C:\Users\Kumar\.m2\repository\com\google\errorprone\error_prone_annotations\2.2.0\error_prone_annotations-2.2.0.jar;C:\Users\Kumar\.m2\repository\com\google\j2objc\j2objc-annotations\1.1\j2objc-annotations-1.1.jar;C:\Users\Kumar\.m2\repository\org\codehaus\mojo\animal-sniffer-annotations\1.17\animal-sniffer-annotations-1.17.jar;C:\Users\Kumar\.m2\repository\com\squareup\okhttp3\okhttp\3.14.0\okhttp-3.14.0.jar;C:\Users\Kumar\.m2\repository\com\squareup\okio\okio\1.17.2\okio-1.17.2.jar;C:\Users\Kumar\.m2\repository\org\seleniumhq\selenium\selenium-edge-driver\4.0.0-alpha-1\selenium-edge-driver-4.0.0-alpha-1.jar;C:\Users\Kumar\.m2\repository\org\seleniumhq\selenium\selenium-firefox-xpi-driver\4.0.0-alpha-1\selenium-firefox-xpi-driver-4.0.0-alpha-1.jar;C:\Users\Kumar\.m2\repository\org\seleniumhq\selenium\selenium-firefox-driver\4.0.0-alpha-1\selenium-firefox-driver-4.0.0-alpha-1.jar;C:\Users\Kumar\.m2\repository\org\seleniumhq\selenium\selenium-ie-driver\4.0.0-alpha-1\selenium-ie-driver-4.0.0-alpha-1.jar;C:\Users\Kumar\.m2\repository\org\seleniumhq\selenium\selenium-opera-driver\4.0.0-alpha-1\selenium-opera-driver-4.0.0-alpha-1.jar;C:\Users\Kumar\.m2\repository\org\seleniumhq\selenium\selenium-safari-driver\4.0.0-alpha-1\selenium-safari-driver-4.0.0-alpha-1.jar;C:\Users\Kumar\.m2\repository\org\seleniumhq\selenium\selenium-support\4.0.0-alpha-1\selenium-support-4.0.0-alpha-1.jar;C:\Users\Kumar\.m2\repository\org\apache\poi\poi-ooxml\3.16\poi-ooxml-3.16.jar;C:\Users\Kumar\.m2\repository\org\apache\poi\poi-ooxml-schemas\3.16\poi-ooxml-schemas-3.16.jar;C:\Users\Kumar\.m2\repository\org\apache\xmlbeans\xmlbeans\2.6.0\xmlbeans-2.6.0.jar;C:\Users\Kumar\.m2\repository\stax\stax-api\1.0.1\stax-api-1.0.1.jar;C:\Users\Kumar\.m2\repository\com\github\virtuald\curvesapi\1.04\curvesapi-1.04.jar;C:\Users\Kumar\.m2\repository\org\apache\poi\poi\3.16\poi-3.16.jar;C:\Users\Kumar\.m2\repository\commons-codec\commons-codec\1.10\commons-codec-1.10.jar;C:\Users\Kumar\.m2\repository\org\apache\commons\commons-collections4\4.1\commons-collections4-4.1.jar;C:\Users\Kumar\.m2\repository\log4j\log4j\1.2.17\log4j-1.2.17.jar;C:\Users\Kumar\.m2\repository\com\relevantcodes\extentreports\2.41.2\extentreports-2.41.2.jar;C:\Users\Kumar\.m2\repository\org\jsoup\jsoup\1.8.3\jsoup-1.8.3.jar;C:\Users\Kumar\.m2\repository\org\xerial\sqlite-jdbc\3.8.11.1\sqlite-jdbc-3.8.11.1.jar;C:\Users\Kumar\.m2\repository\org\freemarker\freemarker\2.3.23\freemarker-2.3.23.jar;C:\Users\Kumar\.m2\repository\org\mongodb\mongodb-driver\3.0.4\mongodb-driver-3.0.4.jar;C:\Users\Kumar\.m2\repository\org\mongodb\bson\3.0.4\bson-3.0.4.jar;C:\Users\Kumar\.m2\repository\org\mongodb\mongodb-driver-core\3.0.4\mongodb-driver-core-3.0.4.jar;C:\Users\Kumar\.m2\repository\net\sourceforge\tess4j\tess4j\4.2.1\tess4j-4.2.1.jar;C:\Users\Kumar\.m2\repository\net\java\dev\jna\jna\4.1.0\jna-4.1.0.jar;C:\Users\Kumar\.m2\repository\com\github\jai-imageio\jai-imageio-core\1.4.0\jai-imageio-core-1.4.0.jar;C:\Users\Kumar\.m2\repository\org\ghost4j\ghost4j\1.0.1\ghost4j-1.0.1.jar;C:\Users\Kumar\.m2\repository\commons-beanutils\commons-beanutils\1.9.2\commons-beanutils-1.9.2.jar;C:\Users\Kumar\.m2\repository\commons-collections\commons-collections\3.2.1\commons-collections-3.2.1.jar;C:\Users\Kumar\.m2\repository\org\apache\xmlgraphics\xmlgraphics-commons\1.4\xmlgraphics-commons-1.4.jar;C:\Users\Kumar\.m2\repository\com\lowagie\itext\2.1.7\itext-2.1.7.jar;C:\Users\Kumar\.m2\repository\org\apache\pdfbox\pdfbox\2.0.11\pdfbox-2.0.11.jar;C:\Users\Kumar\.m2\repository\org\apache\pdfbox\fontbox\2.0.11\fontbox-2.0.11.jar;C:\Users\Kumar\.m2\repository\commons-logging\commons-logging\1.2\commons-logging-1.2.jar;C:\Users\Kumar\.m2\repository\org\apache\pdfbox\pdfbox-tools\2.0.11\pdfbox-tools-2.0.11.jar;C:\Users\Kumar\.m2\repository\org\apache\pdfbox\pdfbox-debugger\2.0.11\pdfbox-debugger-2.0.11.jar;C:\Users\Kumar\.m2\repository\org\apache\pdfbox\jbig2-imageio\3.0.1\jbig2-imageio-3.0.1.jar;C:\Users\Kumar\.m2\repository\commons-io\commons-io\2.6\commons-io-2.6.jar;C:\Users\Kumar\.m2\repository\net\sourceforge\lept4j\lept4j\1.10.0\lept4j-1.10.0.jar;C:\Users\Kumar\.m2\repository\org\jboss\jboss-vfs\3.2.13.Final\jboss-vfs-3.2.13.Final.jar;C:\Users\Kumar\.m2\repository\org\jboss\logging\jboss-logging\3.1.4.GA\jboss-logging-3.1.4.GA.jar;C:\Users\Kumar\.m2\repository\ch\qos\logback\logback-classic\1.2.3\logback-classic-1.2.3.jar;C:\Users\Kumar\.m2\repository\ch\qos\logback\logback-core\1.2.3\logback-core-1.2.3.jar;C:\Users\Kumar\.m2\repository\org\slf4j\jul-to-slf4j\1.7.25\jul-to-slf4j-1.7.25.jar;C:\Users\Kumar\.m2\repository\org\slf4j\jcl-over-slf4j\1.7.25\jcl-over-slf4j-1.7.25.jar;C:\Users\Kumar\.m2\repository\org\slf4j\log4j-over-slf4j\1.7.25\log4j-over-slf4j-1.7.25.jar;C:\Users\Kumar\.m2\repository\io\github\bonigarcia\webdrivermanager\3.6.2\webdrivermanager-3.6.2.jar;C:\Users\Kumar\.m2\repository\org\slf4j\slf4j-api\1.7.25\slf4j-api-1.7.25.jar;C:\Users\Kumar\.m2\repository\com\google\code\gson\gson\2.8.5\gson-2.8.5.jar;C:\Users\Kumar\.m2\repository\org\apache\commons\commons-lang3\3.8.1\commons-lang3-3.8.1.jar;C:\Users\Kumar\.m2\repository\org\apache\httpcomponents\httpclient\4.5.6\httpclient-4.5.6.jar;C:\Users\Kumar\.m2\repository\org\apache\httpcomponents\httpcore\4.4.10\httpcore-4.4.10.jar;C:\Users\Kumar\.m2\repository\org\rauschig\jarchivelib\1.0.0\jarchivelib-1.0.0.jar;C:\Users\Kumar\.m2\repository\org\apache\commons\commons-compress\1.18\commons-compress-1.18.jar;C:\Users\Kumar\.m2\repository\org\apache\maven\surefire\surefire-testng-utils\2.19.1\surefire-testng-utils-2.19.1.jar;C:\Users\Kumar\.m2\repository\org\apache\maven\surefire\surefire-grouper\2.19.1\surefire-grouper-2.19.1.jar;"/>
    <property name="maven.conf" value="C:\Program Files\Apache\Maven\bin\../conf"/>
    <property name="sun.awt.enableExtraMouseButtons" value="true"/>
    <property name="java.specification.name" value="Java Platform API Specification"/>
    <property name="java.class.version" value="52.0"/>
    <property name="sun.management.compiler" value="HotSpot 64-Bit Tiered Compilers"/>
    <property name="os.version" value="10.0"/>
    <property name="library.jansi.path" value="C:\Program Files\Apache\Maven\bin\..\lib\jansi-native"/>
    <property name="user.home" value="C:\Users\Kumar"/>
    <property name="user.timezone" value="Asia/Calcutta"/>
    <property name="java.awt.printerjob" value="sun.awt.windows.WPrinterJob"/>
    <property name="java.specification.version" value="1.8"/>
    <property name="file.encoding" value="Cp1252"/>
    <property name="user.name" value="Kumar"/>
    <property name="java.class.path" value="C:\Program Files\Apache\Maven\bin\..\boot\plexus-classworlds-2.6.0.jar"/>
    <property name="java.vm.specification.version" value="1.8"/>
    <property name="sun.arch.data.model" value="64"/>
    <property name="java.home" value="C:\Program Files\Java\jdk1.8.0_181\jre"/>
    <property name="sun.java.command" value="org.codehaus.plexus.classworlds.launcher.Launcher clean install"/>
    <property name="java.specification.vendor" value="Oracle Corporation"/>
    <property name="user.language" value="en"/>
    <property name="awt.toolkit" value="sun.awt.windows.WToolkit"/>
    <property name="java.vm.info" value="mixed mode"/>
    <property name="java.version" value="1.8.0_181"/>
    <property name="java.ext.dirs" value="C:\Program Files\Java\jdk1.8.0_181\jre\lib\ext;C:\WINDOWS\Sun\Java\lib\ext"/>
    <property name="sun.boot.class.path" value="C:\Program Files\Java\jdk1.8.0_181\jre\lib\resources.jar;C:\Program Files\Java\jdk1.8.0_181\jre\lib\rt.jar;C:\Program Files\Java\jdk1.8.0_181\jre\lib\sunrsasign.jar;C:\Program Files\Java\jdk1.8.0_181\jre\lib\jsse.jar;C:\Program Files\Java\jdk1.8.0_181\jre\lib\jce.jar;C:\Program Files\Java\jdk1.8.0_181\jre\lib\charsets.jar;C:\Program Files\Java\jdk1.8.0_181\jre\lib\jfr.jar;C:\Program Files\Java\jdk1.8.0_181\jre\classes"/>
    <property name="sun.stderr.encoding" value="cp437"/>
    <property name="java.vendor" value="Oracle Corporation"/>
    <property name="maven.home" value="C:\Program Files\Apache\Maven\bin\.."/>
    <property name="localRepository" value="C:\Users\Kumar\.m2\repository"/>
    <property name="file.separator" value="\"/>
    <property name="java.vendor.url.bug" value="http://bugreport.sun.com/bugreport/"/>
    <property name="sun.cpu.endian" value="little"/>
    <property name="sun.io.unicode.encoding" value="UnicodeLittle"/>
    <property name="sun.stdout.encoding" value="cp437"/>
    <property name="sun.desktop" value="windows"/>
    <property name="sun.cpu.isalist" value="amd64"/>
  </properties>
  <testcase name="char_sequence_I" classname="jenkins.maven.test.Character_Sequence" time="25.013"/>
  <testcase name="char_sequence_II" classname="jenkins.maven.test.Character_Sequence" time="21.63"/>
  <testcase name="char_sequence_III" classname="jenkins.maven.test.Character_Sequence" time="20.761"/>
  <testcase name="char_sequence_IV" classname="jenkins.maven.test.Character_Sequence" time="22.606"/>
  <testcase name="launch" classname="jenkins.maven.test.Checking_Jenkins_Integration" time="31.105"/>
  <testcase name="equalgnorecase" classname="jenkins.maven.test.Test_Jenkins" time="0.015"/>
  <testcase name="samplecode" classname="jenkins.maven.test.Test_Jenkins" time="0"/>
  <testcase name="tolower" classname="jenkins.maven.test.Test_Jenkins" time="0"/>
  <testcase name="touppercase" classname="jenkins.maven.test.Test_Jenkins" time="0.016"/>
</testsuite>