<?xml version="1.0" encoding="UTF-8"?>
<!-- Generated by org.testng.reporters.JUnitReportReporter -->
<testsuite hostname="DESKTOP-7Q4CG2U" name="jenkins.maven.test.Character_Sequence" tests="4" failures="0" timestamp="15 Nov 2019 13:55:16 GMT" time="90.014" errors="0">
  <testcase name="char_sequence_I" time="25.017" classname="jenkins.maven.test.Character_Sequence"/>
  <testcase name="char_sequence_IV" time="22.606" classname="jenkins.maven.test.Character_Sequence"/>
  <testcase name="char_sequence_II" time="21.630" classname="jenkins.maven.test.Character_Sequence"/>
  <testcase name="char_sequence_III" time="20.761" classname="jenkins.maven.test.Character_Sequence"/>
</testsuite> <!-- jenkins.maven.test.Character_Sequence -->
