<?xml version="1.0" encoding="UTF-8"?>
<!-- Generated by org.testng.reporters.JUnitReportReporter -->
<testsuite hostname="DESKTOP-7Q4CG2U" name="jenkins.maven.test.Test_Jenkins" tests="4" failures="0" timestamp="15 Nov 2019 13:55:16 GMT" time="0.015" errors="0">
  <testcase name="samplecode" time="0.000" classname="jenkins.maven.test.Test_Jenkins"/>
  <testcase name="equalgnorecase" time="0.015" classname="jenkins.maven.test.Test_Jenkins"/>
  <testcase name="tolower" time="0.000" classname="jenkins.maven.test.Test_Jenkins"/>
  <testcase name="touppercase" time="0.000" classname="jenkins.maven.test.Test_Jenkins"/>
</testsuite> <!-- jenkins.maven.test.Test_Jenkins -->
