<?xml version="1.0" encoding="UTF-8"?>
<!-- Generated by org.testng.reporters.JUnitReportReporter -->
<testsuite hostname="DESKTOP-7Q4CG2U" name="jenkins.maven.test.Checking_Jenkins_Integration" tests="1" failures="0" timestamp="15 Nov 2019 13:55:16 GMT" time="31.105" errors="0">
  <testcase name="launch" time="31.105" classname="jenkins.maven.test.Checking_Jenkins_Integration"/>
</testsuite> <!-- jenkins.maven.test.Checking_Jenkins_Integration -->
